Pleurotus eryngii	0.405
Category:Frog images	0.405
Makasae	0.27749999999999997
Suwayq	0.27749999999999997
Aligarh Movement	0.27749999999999997
Dibbinsdale	0.27749999999999997
Cherry Garcia	0.2686032582466615
Template:Mortal Kombat character/row	0.2608194896101225
Image:Sly-family-affair-single2.jpg	0.2608194896101225
TeVeS	0.20930162912333075
U.S. one hundred-dollar bill	0.20930162912333075
Francis Fontaine	0.20930162912333075
Krisjanis Berkis	0.20930162912333075
Jaffe v. Redmond	0.20930162912333075
Jae Millz (Rapper)	0.20930162912333075
Dry (property of alcohol)	0.20930162912333075
List of kids films	0.20930162912333075
Wikipedia:Articles for deletion/advertising	0.20930162912333075
Mohammd Noordin Sopiee	0.20930162912333075
Cherry Garcia ice cream	0.20930162912333075
Carlos Felipe Ximenes Belo	0.20930162912333075
Wikipedia:Articles for deletion/Nonpoint source	0.20930162912333075
Canadian passports	0.20930162912333075
Atmosphere(Fritsch album)	0.20930162912333075
Quadrature phase booster	0.20930162912333075
Wikipedia:Articles for deletion/Austin elementary school	0.20930162912333075
U.S. Army rank insignia	0.20930162912333075
Roberts Dambitis	0.20930162912333075
Singapore Air Show	0.20930162912333075
The Real World (Miami)	0.20930162912333075
Dmitry Sergeyevich Dokhturov	0.20930162912333075
Manuel Carrascalao House Massacre	0.20930162912333075
CEMS (business education)	0.20930162912333075
Invalidity Insurance (Agriculture) Convention, 1933	0.20930162912333075
Zig Zag (company)	0.20930162912333075
Out of the Dark (novel)	0.20930162912333075
Bruce Wilson (footballer)	0.20930162912333075
Spotted Quoll	0.20930162912333075
List of British People of Jewish descent	0.20930162912333075
Yellow mombin	0.20930162912333075
New York State Highway 301	0.20930162912333075
Graham Gellie	0.20930162912333075
Bridled Nailtail Wallaby	0.20930162912333075
Liquica	0.20930162912333075
Midwood	0.20930162912333075
New York State Highway 300	0.20930162912333075
Anglo-Irish War	0.20930162912333075
Brian Mackenzie	0.20930162912333075
The Parable of the Prodigal Son	0.20930162912333075
Template:User cpp-3	0.20930162912333075
Progressive Conservative candidates, 1999 Ontario provincial election	0.20930162912333075
Godman's Rock Wallaby	0.20930162912333075
Sundridge and Ide Hill	0.20930162912333075
Werrimull	0.20930162912333075
Wikipedia:Articles for deletion/Women's Olympic Handball Tournament	0.20930162912333075
University of Exeter in Cornwall	0.20930162912333075
Glebe Point Road	0.20930162912333075
Primosten	0.20930162912333075
Wikipedia:WikiProject Pedophilia/Watchlist	0.20930162912333075
WFTX-TV	0.20930162912333075
WDKA-TV	0.20930162912333075
Homunculus fallacy	0.20930162912333075
European/South American Cup	0.20930162912333075
Zaglossus	0.20930162912333075
Euro Speedway	0.20930162912333075
Suleiman II of Umayyad	0.20930162912333075
Eu four freedoms	0.20930162912333075
NWA Florida World Tag Team Championship	0.20930162912333075
Dactyl (asteroid)	0.20930162912333075
DSS1	0.20930162912333075
DOS4GW	0.20930162912333075
History of Portugal (1777-1834)	0.20930162912333075
Genome Valley, Hyderabad, India	0.20930162912333075
Ultra-high temperature processing	0.20930162912333075
Petersberg near Bonn	0.20930162912333075
Ahahd	0.20930162912333075
Yvonne Nevejean	0.20930162912333075
Affliction (1997 film)	0.20930162912333075
Adventures of Mini-Goddess	0.20930162912333075
Higinio Uriate	0.20930162912333075
Cristina Perez (reporter)	0.20930162912333075
John Edward Cornwallis Rous, 2nd Earl of Stradbroke	0.20930162912333075
Young Scientist and Technology Exhibition (Ireland)	0.20930162912333075
Perkonkrusts	0.20930162912333075
Mykonos (restaurant)	0.20930162912333075
Vonnie Holiday	0.20930162912333075
Red and Black (newspaper)	0.20930162912333075
US Asiatic Fleet	0.20930162912333075
Benhard Grzimek	0.20930162912333075
GameStorm (convention)	0.20930162912333075
Image:The Rocky Horror Picture Show.jpg	0.20930162912333075
Template:FinalFantasyProject	0.20930162912333075
Bela H. Banathy	0.20930162912333075
Elgin O'Hare Expressway	0.20930162912333075
Murine Mouse Opossum	0.20930162912333075
Beck Center	0.20930162912333075
Portal:Philadelphia/Selected biography	0.20930162912333075
Common Echymipera	0.20930162912333075
Mr. Midnight (book)	0.20930162912333075
2006 Stanley Cup Playofs	0.20930162912333075
